Arguments: 
  /usr/local/bin/node /usr/local/Cellar/yarn/1.22.15/libexec/bin/yarn.js add -D @types/json-to-pretty-yaml

PATH: 
  /Users/geof/Library/Python/3.9:/Users/geof/.cargo/bin:/Users/geof/Data/programming/triwave/Faust-2.14.4/bin:/Users/geof/Data/programming/scripts::/Users/geof/.cargo/bin:/usr/local/bin:/usr/bin:/bin:/usr/sbin:/sbin

Yarn version: 
  1.22.15

Node version: 
  18.14.1

Platform: 
  darwin x64

Trace: 
  Error: https://registry.yarnpkg.com/@types%2fjson-to-pretty-yaml: Not found
      at params.callback [as _callback] (/usr/local/Cellar/yarn/1.22.15/libexec/lib/cli.js:67031:18)
      at self.callback (/usr/local/Cellar/yarn/1.22.15/libexec/lib/cli.js:140885:22)
      at Request.emit (node:events:513:28)
      at Request.<anonymous> (/usr/local/Cellar/yarn/1.22.15/libexec/lib/cli.js:141857:10)
      at Request.emit (node:events:513:28)
      at IncomingMessage.<anonymous> (/usr/local/Cellar/yarn/1.22.15/libexec/lib/cli.js:141779:12)
      at Object.onceWrapper (node:events:627:28)
      at IncomingMessage.emit (node:events:525:35)
      at endReadableNT (node:internal/streams/readable:1359:12)
      at process.processTicksAndRejections (node:internal/process/task_queues:82:21)

npm manifest: 
  {
    "name": "test",
    "version": "1.0.0",
    "description": "",
    "main": "index.js",
    "dependencies": {
      "json-to-pretty-yaml": "^1.2.2",
      "lodash": "^4.17.21",
      "midi-player": "^7.0.68",
      "typescript": "^3.1.3"
    },
    "devDependencies": {
      "@types/lodash": "^4.14.191",
      "@types/node": "^18.14.0"
    },
    "scripts": {
      "test": "echo \"Error: no test specified\" && exit 1"
    },
    "author": "",
    "license": "ISC"
  }

yarn manifest: 
  No manifest

Lockfile: 
  # THIS IS AN AUTOGENERATED FILE. DO NOT EDIT THIS FILE DIRECTLY.
  # yarn lockfile v1
  
  
  "@babel/runtime@^7.20.13":
    version "7.20.13"
    resolved "https://registry.yarnpkg.com/@babel/runtime/-/runtime-7.20.13.tgz#7055ab8a7cff2b8f6058bf6ae45ff84ad2aded4b"
    integrity sha512-gt3PKXs0DBoL9xCvOIIZ2NEqAGZqHjAnmVbfQtB620V0uReIQutpel14KcneZuer7UioY8ALKZ7iocavvzTNFA==
    dependencies:
      regenerator-runtime "^0.13.11"
  
  "@types/lodash@^4.14.191":
    version "4.14.191"
    resolved "https://registry.yarnpkg.com/@types/lodash/-/lodash-4.14.191.tgz#09511e7f7cba275acd8b419ddac8da9a6a79e2fa"
    integrity sha512-BdZ5BCCvho3EIXw6wUCXHe7rS53AIDPLE+JzwgT+OsJk53oBfbSmZZ7CX4VaRoN78N+TJpFi9QPlfIVNmJYWxQ==
  
  "@types/node@^18.14.0":
    version "18.14.0"
    resolved "https://registry.yarnpkg.com/@types/node/-/node-18.14.0.tgz#94c47b9217bbac49d4a67a967fdcdeed89ebb7d0"
    integrity sha512-5EWrvLmglK+imbCJY0+INViFWUHg1AHel1sq4ZVSfdcNqGy9Edv3UB9IIzzg+xPaUcAgZYcfVs2fBcwDeZzU0A==
  
  compilerr@^10.0.1:
    version "10.0.1"
    resolved "https://registry.yarnpkg.com/compilerr/-/compilerr-10.0.1.tgz#e4c30250efe04d979411d3caa8c2d0c55b4eb2a8"
    integrity sha512-qVT2ANaTDTodkm2ZoOJzAdCixQmZbZ63zfkhTDeCCMKfurqcTJdx0bQ0DZtpNds7tqqfIrMxr10YEoYRnKQO8g==
    dependencies:
      "@babel/runtime" "^7.20.13"
      dashify "^2.0.0"
      indefinite-article "0.0.2"
      tslib "^2.5.0"
  
  dashify@^2.0.0:
    version "2.0.0"
    resolved "https://registry.yarnpkg.com/dashify/-/dashify-2.0.0.tgz#fff270ca2868ca427fee571de35691d6e437a648"
    integrity sha512-hpA5C/YrPjucXypHPPc0oJ1l9Hf6wWbiOL7Ik42cxnsUOhWiCB/fylKbKqqJalW9FgkNQCw16YO8uW9Hs0Iy1A==
  
  fast-unique-numbers@^7.0.1:
    version "7.0.1"
    resolved "https://registry.yarnpkg.com/fast-unique-numbers/-/fast-unique-numbers-7.0.1.tgz#9cbaa3d9acda28fde81d9e6286ea9f1b5decd746"
    integrity sha512-KvASFDWBUVtkZblgZp8mZr/WfNRb0wwAhUL4okKxVJ2TyCVkgngTm9lDImOX9Ypzzxe9BLjDzz//kZyO+OrgQQ==
    dependencies:
      "@babel/runtime" "^7.20.13"
      tslib "^2.5.0"
  
  indefinite-article@0.0.2:
    version "0.0.2"
    resolved "https://registry.yarnpkg.com/indefinite-article/-/indefinite-article-0.0.2.tgz#4bc855257066cfab61ea68beba75d100d6e2506b"
    integrity sha512-Au/2XzRkvxq2J6w5uvSSbBKPZ5kzINx5F2wb0SF8xpRL8BP9Lav81TnRbfPp6p+SYjYxwaaLn4EUwI3/MmYKSw==
  
  json-midi-message-encoder@^4.1.16:
    version "4.1.16"
    resolved "https://registry.yarnpkg.com/json-midi-message-encoder/-/json-midi-message-encoder-4.1.16.tgz#5c9f57a0553653e8f57ffd334856f0a1c8487625"
    integrity sha512-mfClnisqPwtEHpKjQaJrALLBg+tgorWmHO36kQAYMM4B1JG7wx6TjEh0oMpaniZBlb7KCar2XztskVCowoZERQ==
    dependencies:
      "@babel/runtime" "^7.20.13"
      midi-json-parser-worker "^8.1.16"
      tslib "^2.5.0"
  
  json-to-pretty-yaml@^1.2.2:
    version "1.2.2"
    resolved "https://registry.yarnpkg.com/json-to-pretty-yaml/-/json-to-pretty-yaml-1.2.2.tgz#f4cd0bd0a5e8fe1df25aaf5ba118b099fd992d5b"
    integrity sha512-rvm6hunfCcqegwYaG5T4yKJWxc9FXFgBVrcTZ4XfSVRwa5HA/Xs+vB/Eo9treYYHCeNM0nrSUr82V/M31Urc7A==
    dependencies:
      remedial "^1.0.7"
      remove-trailing-spaces "^1.0.6"
  
  lodash@^4.17.21:
    version "4.17.21"
    resolved "https://registry.yarnpkg.com/lodash/-/lodash-4.17.21.tgz#679591c564c3bffaae8454cf0b3df370c3d6911c"
    integrity sha512-v2kDEe57lecTulaDIuNTPy3Ry4gLGJ6Z1O3vE1krgXZNrsQ+LFTGHVxVjcXPs17LhbZVGedAJv8XZ1tvj5FvSg==
  
  midi-file-slicer@^6.0.74:
    version "6.0.74"
    resolved "https://registry.yarnpkg.com/midi-file-slicer/-/midi-file-slicer-6.0.74.tgz#ef4aae64aacdab28da55247d1da795a529cb42c9"
    integrity sha512-lvypVdqz8DgDpyq4OcsjXWqNUXgikJKKHCr3AVdiXiv35EzzjZZwYWqTyadvyb2cb/w0Vmi1D1suVlyf+tD1Qg==
    dependencies:
      "@babel/runtime" "^7.20.13"
      midi-json-parser-worker "^8.1.16"
      tslib "^2.5.0"
  
  midi-json-parser-worker@^8.1.16:
    version "8.1.16"
    resolved "https://registry.yarnpkg.com/midi-json-parser-worker/-/midi-json-parser-worker-8.1.16.tgz#6d6f7996caef1f9b59a452ff75c417376283163a"
    integrity sha512-bI32MNO2EMq8e/htirAvpa0FwGzHLsbF6z6GmJiryp2PxOJ25d1SvaBBB5Xwa12SIcMKIM8iD5RtJrBWLAc5sg==
    dependencies:
      "@babel/runtime" "^7.20.13"
      tslib "^2.5.0"
      worker-factory "^6.0.75"
  
  midi-player@^7.0.68:
    version "7.0.68"
    resolved "https://registry.yarnpkg.com/midi-player/-/midi-player-7.0.68.tgz#d370e11d37ede86ed623d98ee147c9b54d004a79"
    integrity sha512-N65ZdbYwb90kiu99jLqd0QkXMujOwFpRWT7sM0udEAuz39WTcM/ejF+zCkbxvyr3psEoUh6wj6bI/PiD0ySdFw==
    dependencies:
      "@babel/runtime" "^7.20.13"
      json-midi-message-encoder "^4.1.16"
      midi-file-slicer "^6.0.74"
      midi-json-parser-worker "^8.1.16"
      rxjs "^7.8.0"
      tslib "^2.5.0"
      worker-timers "^7.0.62"
  
  regenerator-runtime@^0.13.11:
    version "0.13.11"
    resolved "https://registry.yarnpkg.com/regenerator-runtime/-/regenerator-runtime-0.13.11.tgz#f6dca3e7ceec20590d07ada785636a90cdca17f9"
    integrity sha512-kY1AZVr2Ra+t+piVaJ4gxaFaReZVH40AKNo7UCX6W+dEwBo/2oZJzqfuN1qLq1oL45o56cPaTXELwrTh8Fpggg==
  
  remedial@^1.0.7:
    version "1.0.8"
    resolved "https://registry.yarnpkg.com/remedial/-/remedial-1.0.8.tgz#a5e4fd52a0e4956adbaf62da63a5a46a78c578a0"
    integrity sha512-/62tYiOe6DzS5BqVsNpH/nkGlX45C/Sp6V+NtiN6JQNS1Viay7cWkazmRkrQrdFj2eshDe96SIQNIoMxqhzBOg==
  
  remove-trailing-spaces@^1.0.6:
    version "1.0.8"
    resolved "https://registry.yarnpkg.com/remove-trailing-spaces/-/remove-trailing-spaces-1.0.8.tgz#4354d22f3236374702f58ee373168f6d6887ada7"
    integrity sha512-O3vsMYfWighyFbTd8hk8VaSj9UAGENxAtX+//ugIst2RMk5e03h6RoIS+0ylsFxY1gvmPuAY/PO4It+gPEeySA==
  
  rxjs@^7.8.0:
    version "7.8.0"
    resolved "https://registry.yarnpkg.com/rxjs/-/rxjs-7.8.0.tgz#90a938862a82888ff4c7359811a595e14e1e09a4"
    integrity sha512-F2+gxDshqmIub1KdvZkaEfGDwLNpPvk9Fs6LD/MyQxNgMds/WH9OdDDXOmxUZpME+iSK3rQCctkL0DYyytUqMg==
    dependencies:
      tslib "^2.1.0"
  
  tslib@^2.1.0, tslib@^2.5.0:
    version "2.5.0"
    resolved "https://registry.yarnpkg.com/tslib/-/tslib-2.5.0.tgz#42bfed86f5787aeb41d031866c8f402429e0fddf"
    integrity sha512-336iVw3rtn2BUK7ORdIAHTyxHGRIHVReokCR3XjbckJMK7ms8FysBfhLR8IXnAgy7T0PTPNBWKiH514FOW/WSg==
  
  typescript@^3.1.3:
    version "3.9.10"
    resolved "https://registry.yarnpkg.com/typescript/-/typescript-3.9.10.tgz#70f3910ac7a51ed6bef79da7800690b19bf778b8"
    integrity sha512-w6fIxVE/H1PkLKcCPsFqKE7Kv7QUwhU8qQY2MueZXWx5cPZdwFupLgKK3vntcK98BtNHZtAF4LA/yl2a7k8R6Q==
  
  worker-factory@^6.0.75:
    version "6.0.75"
    resolved "https://registry.yarnpkg.com/worker-factory/-/worker-factory-6.0.75.tgz#6aad791561f7e1f9d5ad330210709ecb175e61de"
    integrity sha512-zwZ7HeYjKN0ZRLVBHxNKIwF/zHl4novKeisXOdKI56Hdbe7ZrX3CqomgIv4LbZdy1DASlX8kpdpTbHt75AR78w==
    dependencies:
      "@babel/runtime" "^7.20.13"
      compilerr "^10.0.1"
      fast-unique-numbers "^7.0.1"
      tslib "^2.5.0"
  
  worker-timers-broker@^6.0.82:
    version "6.0.82"
    resolved "https://registry.yarnpkg.com/worker-timers-broker/-/worker-timers-broker-6.0.82.tgz#b99606aa64c850a5cef31421e235363145c00287"
    integrity sha512-HhGFCGsDTofVuXTfPlvpPX8Qjm58CpyqzZ/LFqYIRcS5RS8Nz/tF6kJY1MlMltbZPQ+iJC+1ROmhYx1ByaqAng==
    dependencies:
      "@babel/runtime" "^7.20.13"
      fast-unique-numbers "^7.0.1"
      tslib "^2.5.0"
      worker-timers-worker "^7.0.48"
  
  worker-timers-worker@^7.0.48:
    version "7.0.48"
    resolved "https://registry.yarnpkg.com/worker-timers-worker/-/worker-timers-worker-7.0.48.tgz#d59dfdfd96d9f38fb6f74afd7838603d817ccf6e"
    integrity sha512-/PPa7UyfpQTaCBBT5sFXsUegxvKETe5KpeRi7swvna0n1hmWo9ikqCnciHIJPmsR9Zpqg0je6ymDpFRTUFMX5g==
    dependencies:
      "@babel/runtime" "^7.20.13"
      tslib "^2.5.0"
  
  worker-timers@^7.0.62:
    version "7.0.62"
    resolved "https://registry.yarnpkg.com/worker-timers/-/worker-timers-7.0.62.tgz#ec1035ed3cb193ac78428429b0e540c7ea1d471b"
    integrity sha512-JYho/zQhh4Z3Dpxq2D3QenDHquuDFt3g01yYjUH8sQqb56if/eZD+PXp7FUqf9y5PUyrYNrIHL41bFfBqI0nDQ==
    dependencies:
      "@babel/runtime" "^7.20.13"
      tslib "^2.5.0"
      worker-timers-broker "^6.0.82"
      worker-timers-worker "^7.0.48"
